1 100
1830081713 1830081721 29 1 0 
2287887134 2287887137 2 1 0 
26754891 1489210936 7 1 0 
2821243715 2821243714 10 1 0 
1185688761 3074768114 28 1 0 
2434160536 2434160530 38 1 0 
2936057170 2936057178 30 1 0 
2093710888 2093710929 30 1 0 
2083236071 2083236064 13 1 0 
267390056 267390057 24 1 0 
1348242462 1348242456 3 1 0 
2083236124 2083236116 7 1 0 
2082758141 2082758136 6 1 0 
2083249876 2083249882 11 1 0 
2259884794 2259884792 9 1 0 
1325305114 1325305113 6 1 0 
1828842557 1828842559 40 1 0 
2083235669 2083235671 3 1 0 
2092267484 2092267482 35 1 0 
1403220031 1403220125 55 1 0 
1830082024 1830082019 10 1 0 
3058867904 3058867903 21 1 0 
2931222524 2931222523 5 1 0 
1337631647 1337631490 49 1 0 
2861877261 2861877260 2 1 0 
1400895924 1400895913 6 1 0 
1324112318 1324082054 35 1 0 
2291059508 2291059502 14 1 0 
1828842050 1828842032 29 1 0 
2301887552 2301887553 9 1 0 
1842535634 1842535648 19 1 0 
3057195425 3057195424 18 1 0 
2527928723 2931222537 7 1 0 
2092268652 1828841341 20 1 0 
2529139488 2529139491 7 1 0 
1326276965 2301887248 7 1 0 
2093824744 2093824748 7 1 0 
3074767026 1961414204 5 1 0 
2795439172 2795439173 4 1 0 
1403298525 1403298452 4 1 0 
247989562 247989561 35 1 0 
266772900 1489118892 4 1 0 
1319470477 1319470567 5 1 0 
2083102486 2083102488 4 1 0 
2925941043 2925941042 6 1 0 
2875710429 2875710428 5 1 0 
2925941045 2925941052 15 1 0 
1370289468 1370195782 15 1 0 
1842451920 1842451916 4 1 0 
2083235367 2083235362 12 1 0 
2082758426 2082758423 16 1 0 
319166778 2936780917 2 1 0 
2171007384 977774187 22 1 0 
2084333225 2084333227 4 1 0 
1369848402 1369848394 18 1 0 
2083936340 2083936342 5 1 0 
2935248927 2935248931 7 1 0 
2083236556 2083236583 10 1 0 
2084333218 2084333231 14 1 0 
2083102398 2083102400 22 1 0 
2083934540 2083934544 15 1 0 
1828386572 967757734 25 1 0 
2081527334 2081527330 13 1 0 
1839714607 1839714572 175 1 0 
249427933 1348141971 5 1 0 
2083235295 2083235298 37 1 0 
2083103290 2083103292 20 1 0 
3074768862 2985255745 12 1 0 
2083102733 2083102728 5 1 0 
1830081885 1830081894 8 1 0 
2083102620 2083102618 7 1 0 
2434187588 2434187595 10 1 0 
2084333096 2084333101 6 1 0 
2083935571 2083935563 12 1 0 
1499371516 1499371517 2 1 0 
2083102792 2083102784 6 1 0 
2081527193 2081527194 4 1 0 
1842535763 1842535767 3 1 0 
206265782 26755451 36 1 0 
1336736395 1336736296 45 1 0 
3058939326 3058939325 22 1 0 
2083102634 2083102633 2 1 0 
1348101384 2181116895 18 1 0 
2097174649 2093824825 6 1 0 
1842452372 1842452255 97 1 0 
2089318713 2089318712 3 1 0 
2083936212 2083936206 13 1 0 
1828841428 1828841427 5 1 0 
1394584642 1394584634 10 1 0 
1403182004 1403182005 9 1 0 
2847985111 2847985110 7 1 0 
2821290422 2821290421 19 1 0 
2083934925 2083934937 10 1 0 
2083237771 2083237756 4 1 0 
2082757832 2082757836 3 1 0 
2925941047 2925941035 14 1 0 
1326263083 1326263082 34 1 0 
1403309184 26754848 74 1 0 
2875710470 2875710469 4 1 0 
2935219265 2935219272 28 1 0 
2 100
1830081713 1830081721 29 2 0 
2287887134 2287887137 2 2 0 
26754891 1489210936 7 2 0 
2821243715 2821243714 10 2 0 
1185688761 3074768114 28 2 0 
2434160536 2434160530 38 2 0 
2936057170 2936057178 30 2 0 
2093710888 2093710929 30 2 0 
2083236071 2083236064 13 2 0 
267390056 267390057 24 2 0 
1348242462 1348242456 3 2 0 
2083236124 2083236116 7 2 0 
2082758141 2082758136 6 2 0 
2083249876 2083249882 11 2 0 
2259884794 2259884792 9 2 0 
1325305114 1325305113 6 2 0 
1828842557 1828842559 40 2 0 
2083235669 2083235671 3 2 0 
2092267484 2092267482 35 2 0 
1403220031 1403220125 55 2 0 
1830082024 1830082019 10 2 0 
3058867904 3058867903 21 2 0 
2931222524 2931222523 5 2 0 
1337631647 1337631490 49 2 0 
2861877261 2861877260 2 2 0 
1400895924 1400895913 6 2 0 
1324112318 1324082054 35 2 0 
2291059508 2291059502 14 2 0 
1828842050 1828842032 29 2 0 
2301887552 2301887553 9 2 0 
1842535634 1842535648 19 2 0 
3057195425 3057195424 18 2 0 
2527928723 2931222537 7 2 0 
2092268652 1828841341 20 2 0 
2529139488 2529139491 7 2 0 
1326276965 2301887248 7 2 0 
2093824744 2093824748 7 2 0 
3074767026 1961414204 5 2 0 
2795439172 2795439173 4 2 0 
1403298525 1403298452 4 2 0 
247989562 247989561 35 2 0 
266772900 1489118892 4 2 0 
1319470477 1319470567 5 2 0 
2083102486 2083102488 4 2 0 
2925941043 2925941042 6 2 0 
2875710429 2875710428 5 2 0 
2925941045 2925941052 15 2 0 
1370289468 1370195782 15 2 0 
1842451920 1842451916 4 2 0 
2083235367 2083235362 12 2 0 
2082758426 2082758423 16 2 0 
319166778 2936780917 2 2 0 
2171007384 977774187 22 2 0 
2084333225 2084333227 4 2 0 
1369848402 1369848394 18 2 0 
2083936340 2083936342 5 2 0 
2935248927 2935248931 7 2 0 
2083236556 2083236583 10 2 0 
2084333218 2084333231 14 2 0 
2083102398 2083102400 22 2 0 
2083934540 2083934544 15 2 0 
1828386572 967757734 25 2 0 
2081527334 2081527330 13 2 0 
1839714607 1839714572 175 2 0 
249427933 1348141971 5 2 0 
2083235295 2083235298 37 2 0 
2083103290 2083103292 20 2 0 
3074768862 2985255745 12 2 0 
2083102733 2083102728 5 2 0 
1830081885 1830081894 8 2 0 
2083102620 2083102618 7 2 0 
2434187588 2434187595 10 2 0 
2084333096 2084333101 6 2 0 
2083935571 2083935563 12 2 0 
1499371516 1499371517 2 2 0 
2083102792 2083102784 6 2 0 
2081527193 2081527194 4 2 0 
1842535763 1842535767 3 2 0 
206265782 26755451 36 2 0 
1336736395 1336736296 45 2 0 
3058939326 3058939325 22 2 0 
2083102634 2083102633 2 2 0 
1348101384 2181116895 18 2 0 
2097174649 2093824825 6 2 0 
1842452372 1842452255 97 2 0 
2089318713 2089318712 3 2 0 
2083936212 2083936206 13 2 0 
1828841428 1828841427 5 2 0 
1394584642 1394584634 10 2 0 
1403182004 1403182005 9 2 0 
2847985111 2847985110 7 2 0 
2821290422 2821290421 19 2 0 
2083934925 2083934937 10 2 0 
2083237771 2083237756 4 2 0 
2082757832 2082757836 3 2 0 
2925941047 2925941035 14 2 0 
1326263083 1326263082 34 2 0 
1403309184 26754848 74 2 0 
2875710470 2875710469 4 2 0 
2935219265 2935219272 28 2 0 
3 100
1830081713 1830081721 29 3 0 
2287887137 2287887138 2 0 0 
26754891 1489210936 7 3 0 
2821243715 2821243714 10 3 0 
1185688761 3074768114 28 3 0 
2434160536 2434160530 38 3 0 
2936057170 2936057178 30 3 0 
2093710888 2093710929 30 3 0 
2083236071 2083236064 13 3 0 
267390056 267390057 24 3 0 
1348242462 1348242456 3 3 0 
2083236124 2083236116 7 3 0 
2082758141 2082758136 6 3 0 
2083249876 2083249882 11 3 0 
2259884794 2259884792 9 3 0 
1325305114 1325305113 6 3 0 
1828842557 1828842559 40 3 0 
2083235669 2083235671 3 3 0 
2092267484 2092267482 35 3 0 
1403220031 1403220125 55 3 0 
1830082024 1830082019 10 3 0 
3058867904 3058867903 21 3 0 
2931222524 2931222523 5 3 0 
1337631647 1337631490 49 3 0 
2861877260 2861877259 4 0 0 
1400895924 1400895913 6 3 0 
1324112318 1324082054 35 3 0 
2291059508 2291059502 14 3 0 
1828842050 1828842032 29 3 0 
2301887552 2301887553 9 3 0 
1842535634 1842535648 19 3 0 
3057195425 3057195424 18 3 0 
2527928723 2931222537 7 3 0 
2092268652 1828841341 20 3 0 
2529139488 2529139491 7 3 0 
1326276965 2301887248 7 3 0 
2093824744 2093824748 7 3 0 
3074767026 1961414204 5 3 0 
2795439172 2795439173 4 3 0 
1403298525 1403298452 4 3 0 
247989562 247989561 35 3 0 
266772900 1489118892 4 3 0 
1319470477 1319470567 5 3 0 
2083102486 2083102488 4 3 0 
2925941043 2925941042 6 3 0 
2875710429 2875710428 5 3 0 
2925941045 2925941052 15 3 0 
1370289468 1370195782 15 3 0 
1842451920 1842451916 4 3 0 
2083235367 2083235362 12 3 0 
2082758426 2082758423 16 3 0 
2936780917 319166776 6 0 0 
2171007384 977774187 22 3 0 
2084333225 2084333227 4 3 0 
1369848402 1369848394 18 3 0 
2083936340 2083936342 5 3 0 
2935248927 2935248931 7 3 0 
2083236556 2083236583 10 3 0 
2084333218 2084333231 14 3 0 
2083102398 2083102400 22 3 0 
2083934540 2083934544 15 3 0 
1828386572 967757734 25 3 0 
2081527334 2081527330 13 3 0 
1839714607 1839714572 175 3 0 
249427933 1348141971 5 3 0 
2083235295 2083235298 37 3 0 
2083103290 2083103292 20 3 0 
3074768862 2985255745 12 3 0 
2083102733 2083102728 5 3 0 
1830081885 1830081894 8 3 0 
2083102620 2083102618 7 3 0 
2434187588 2434187595 10 3 0 
2084333096 2084333101 6 3 0 
2083935571 2083935563 12 3 0 
1499371517 1499371526 3 0 0 
2083102792 2083102784 6 3 0 
2081527193 2081527194 4 3 0 
1842535763 1842535767 3 3 0 
206265782 26755451 36 3 0 
1336736395 1336736296 45 3 0 
3058939326 3058939325 22 3 0 
2083102633 2083102632 3 0 0 
1348101384 2181116895 18 3 0 
2097174649 2093824825 6 3 0 
1842452372 1842452255 97 3 0 
2089318713 2089318712 3 3 0 
2083936212 2083936206 13 3 0 
1828841428 1828841427 5 3 0 
1394584642 1394584634 10 3 0 
1403182004 1403182005 9 3 0 
2847985111 2847985110 7 3 0 
2821290422 2821290421 19 3 0 
2083934925 2083934937 10 3 0 
2083237771 2083237756 4 3 0 
2082757832 2082757836 3 3 0 
2925941047 2925941035 14 3 0 
1326263083 1326263082 34 3 0 
1403309184 26754848 74 3 0 
2875710470 2875710469 4 3 0 
2935219265 2935219272 28 3 0 
4 100
1830081713 1830081721 29 4 0 
2287887137 2287887138 2 1 0 
26754891 1489210936 7 4 0 
2821243715 2821243714 10 4 0 
1185688761 3074768114 28 4 0 
2434160536 2434160530 38 4 0 
2936057170 2936057178 30 4 0 
2093710888 2093710929 30 4 0 
2083236071 2083236064 13 4 0 
267390056 267390057 24 4 0 
1348242456 1348242458 5 0 0 
2083236124 2083236116 7 4 0 
2082758141 2082758136 6 4 0 
2083249876 2083249882 11 4 0 
2259884794 2259884792 9 4 0 
1325305114 1325305113 6 4 0 
1828842557 1828842559 40 4 0 
2083235671 2083235689 4 0 0 
2092267484 2092267482 35 4 0 
1403220031 1403220125 55 4 0 
1830082024 1830082019 10 4 0 
3058867904 3058867903 21 4 0 
2931222524 2931222523 5 4 0 
1337631647 1337631490 49 4 0 
2861877260 2861877259 4 1 0 
1400895924 1400895913 6 4 0 
1324112318 1324082054 35 4 0 
2291059508 2291059502 14 4 0 
1828842050 1828842032 29 4 0 
2301887552 2301887553 9 4 0 
1842535634 1842535648 19 4 0 
3057195425 3057195424 18 4 0 
2527928723 2931222537 7 4 0 
2092268652 1828841341 20 4 0 
2529139488 2529139491 7 4 0 
1326276965 2301887248 7 4 0 
2093824744 2093824748 7 4 0 
3074767026 1961414204 5 4 0 
2795439172 2795439173 4 4 0 
1403298525 1403298452 4 4 0 
247989562 247989561 35 4 0 
266772900 1489118892 4 4 0 
1319470477 1319470567 5 4 0 
2083102486 2083102488 4 4 0 
2925941043 2925941042 6 4 0 
2875710429 2875710428 5 4 0 
2925941045 2925941052 15 4 0 
1370289468 1370195782 15 4 0 
1842451920 1842451916 4 4 0 
2083235367 2083235362 12 4 0 
2082758426 2082758423 16 4 0 
2936780917 319166776 6 1 0 
2171007384 977774187 22 4 0 
2084333225 2084333227 4 4 0 
1369848402 1369848394 18 4 0 
2083936340 2083936342 5 4 0 
2935248927 2935248931 7 4 0 
2083236556 2083236583 10 4 0 
2084333218 2084333231 14 4 0 
2083102398 2083102400 22 4 0 
2083934540 2083934544 15 4 0 
1828386572 967757734 25 4 0 
2081527334 2081527330 13 4 0 
1839714607 1839714572 175 4 0 
249427933 1348141971 5 4 0 
2083235295 2083235298 37 4 0 
2083103290 2083103292 20 4 0 
3074768862 2985255745 12 4 0 
2083102733 2083102728 5 4 0 
1830081885 1830081894 8 4 0 
2083102620 2083102618 7 4 0 
2434187588 2434187595 10 4 0 
2084333096 2084333101 6 4 0 
2083935571 2083935563 12 4 0 
1499371517 1499371526 3 1 0 
2083102792 2083102784 6 4 0 
2081527193 2081527194 4 4 0 
1842535767 1842535652 47 0 0 
206265782 26755451 36 4 0 
1336736395 1336736296 45 4 0 
3058939326 3058939325 22 4 0 
2083102633 2083102632 3 1 0 
1348101384 2181116895 18 4 0 
2097174649 2093824825 6 4 0 
1842452372 1842452255 97 4 0 
2089318712 2089318710 4 0 0 
2083936212 2083936206 13 4 0 
1828841428 1828841427 5 4 0 
1394584642 1394584634 10 4 0 
1403182004 1403182005 9 4 0 
2847985111 2847985110 7 4 0 
2821290422 2821290421 19 4 0 
2083934925 2083934937 10 4 0 
2083237771 2083237756 4 4 0 
2082757836 2082757838 3 0 0 
2925941047 2925941035 14 4 0 
1326263083 1326263082 34 4 0 
1403309184 26754848 74 4 0 
2875710470 2875710469 4 4 0 
2935219265 2935219272 28 4 0 
5 100
1830081713 1830081721 29 5 0 
2287887137 2287887138 2 2 0 
26754891 1489210936 7 5 0 
2821243715 2821243714 10 5 0 
1185688761 3074768114 28 5 0 
2434160536 2434160530 38 5 0 
2936057170 2936057178 30 5 0 
2093710888 2093710929 30 5 0 
2083236071 2083236064 13 5 0 
267390056 267390057 24 5 0 
1348242456 1348242458 5 1 0 
2083236124 2083236116 7 5 0 
2082758141 2082758136 6 5 0 
2083249876 2083249882 11 5 0 
2259884794 2259884792 9 5 0 
1325305114 1325305113 6 5 0 
1828842557 1828842559 40 5 0 
2083235671 2083235689 4 1 0 
2092267484 2092267482 35 5 0 
1403220031 1403220125 55 5 0 
1830082024 1830082019 10 5 0 
3058867904 3058867903 21 5 0 
2931222524 2931222523 5 5 0 
1337631647 1337631490 49 5 0 
2861877260 2861877259 4 2 0 
1400895924 1400895913 6 5 0 
1324112318 1324082054 35 5 0 
2291059508 2291059502 14 5 0 
1828842050 1828842032 29 5 0 
2301887552 2301887553 9 5 0 
1842535634 1842535648 19 5 0 
3057195425 3057195424 18 5 0 
2527928723 2931222537 7 5 0 
2092268652 1828841341 20 5 0 
2529139488 2529139491 7 5 0 
1326276965 2301887248 7 5 0 
2093824744 2093824748 7 5 0 
3074767026 1961414204 5 5 0 
2795439173 2795439174 3 0 0 
1403298452 1403298627 4 0 0 
247989562 247989561 35 5 0 
1489118892 1489118874 26 0 0 
1319470477 1319470567 5 5 0 
2083102488 2083102480 11 0 0 
2925941043 2925941042 6 5 0 
2875710429 2875710428 5 5 0 
2925941045 2925941052 15 5 0 
1370289468 1370195782 15 5 0 
1842451916 1842451886 19 0 0 
2083235367 2083235362 12 5 0 
2082758426 2082758423 16 5 0 
2936780917 319166776 6 2 0 
2171007384 977774187 22 5 0 
2084333227 2084333224 10 0 0 
1369848402 1369848394 18 5 0 
2083936340 2083936342 5 5 0 
2935248927 2935248931 7 5 0 
2083236556 2083236583 10 5 0 
2084333218 2084333231 14 5 0 
2083102398 2083102400 22 5 0 
2083934540 2083934544 15 5 0 
1828386572 967757734 25 5 0 
2081527334 2081527330 13 5 0 
1839714607 1839714572 175 5 0 
249427933 1348141971 5 5 0 
2083235295 2083235298 37 5 0 
2083103290 2083103292 20 5 0 
3074768862 2985255745 12 5 0 
2083102733 2083102728 5 5 0 
1830081885 1830081894 8 5 0 
2083102620 2083102618 7 5 0 
2434187588 2434187595 10 5 0 
2084333096 2084333101 6 5 0 
2083935571 2083935563 12 5 0 
1499371517 1499371526 3 2 0 
2083102792 2083102784 6 5 0 
2081527194 2081527196 3 0 0 
1842535767 1842535652 47 1 0 
206265782 26755451 36 5 0 
1336736395 1336736296 45 5 0 
3058939326 3058939325 22 5 0 
2083102633 2083102632 3 2 0 
1348101384 2181116895 18 5 0 
2097174649 2093824825 6 5 0 
1842452372 1842452255 97 5 0 
2089318712 2089318710 4 1 0 
2083936212 2083936206 13 5 0 
1828841428 1828841427 5 5 0 
1394584642 1394584634 10 5 0 
1403182004 1403182005 9 5 0 
2847985111 2847985110 7 5 0 
2821290422 2821290421 19 5 0 
2083934925 2083934937 10 5 0 
2083237756 2083237740 7 0 0 
2082757836 2082757838 3 1 0 
2925941047 2925941035 14 5 0 
1326263083 1326263082 34 5 0 
1403309184 26754848 74 5 0 
2875710469 2875710468 4 0 0 
2935219265 2935219272 28 5 0 
6 100
1830081713 1830081721 29 6 0 
2287887138 2287887140 2 0 0 
26754891 1489210936 7 6 0 
2821243715 2821243714 10 6 0 
1185688761 3074768114 28 6 0 
2434160536 2434160530 38 6 0 
2936057170 2936057178 30 6 0 
2093710888 2093710929 30 6 0 
2083236071 2083236064 13 6 0 
267390056 267390057 24 6 0 
1348242456 1348242458 5 2 0 
2083236124 2083236116 7 6 0 
2082758141 2082758136 6 6 0 
2083249876 2083249882 11 6 0 
2259884794 2259884792 9 6 0 
1325305114 1325305113 6 6 0 
1828842557 1828842559 40 6 0 
2083235671 2083235689 4 2 0 
2092267484 2092267482 35 6 0 
1403220031 1403220125 55 6 0 
1830082024 1830082019 10 6 0 
3058867904 3058867903 21 6 0 
2931222523 2931222522 4 0 0 
1337631647 1337631490 49 6 0 
2861877260 2861877259 4 3 0 
1400895924 1400895913 6 6 0 
1324112318 1324082054 35 6 0 
2291059508 2291059502 14 6 0 
1828842050 1828842032 29 6 0 
2301887552 2301887553 9 6 0 
1842535634 1842535648 19 6 0 
3057195425 3057195424 18 6 0 
2527928723 2931222537 7 6 0 
2092268652 1828841341 20 6 0 
2529139488 2529139491 7 6 0 
1326276965 2301887248 7 6 0 
2093824744 2093824748 7 6 0 
1961414204 1613749015 15 0 0 
2795439173 2795439174 3 1 0 
1403298452 1403298627 4 1 0 
247989562 247989561 35 6 0 
1489118892 1489118874 26 1 0 
1319470567 1319470713 1 0 0 
2083102488 2083102480 11 1 0 
2925941043 2925941042 6 6 0 
2875710428 2935352259 17 0 0 
2925941045 2925941052 15 6 0 
1370289468 1370195782 15 6 0 
1842451916 1842451886 19 1 0 
2083235367 2083235362 12 6 0 
2082758426 2082758423 16 6 0 
2936780917 319166776 6 3 0 
2171007384 977774187 22 6 0 
2084333227 2084333224 10 1 0 
1369848402 1369848394 18 6 0 
2083936342 2434210887 13 0 0 
2935248927 2935248931 7 6 0 
2083236556 2083236583 10 6 0 
2084333218 2084333231 14 6 0 
2083102398 2083102400 22 6 0 
2083934540 2083934544 15 6 0 
1828386572 967757734 25 6 0 
2081527334 2081527330 13 6 0 
1839714607 1839714572 175 6 0 
1348141971 1348141976 9 0 0 
2083235295 2083235298 37 6 0 
2083103290 2083103292 20 6 0 
3074768862 2985255745 12 6 0 
2083102728 2083102724 10 0 0 
1830081885 1830081894 8 6 0 
2083102620 2083102618 7 6 0 
2434187588 2434187595 10 6 0 
2084333096 2084333101 6 6 0 
2083935571 2083935563 12 6 0 
1499371517 1499371526 3 3 0 
2083102792 2083102784 6 6 0 
2081527194 2081527196 3 1 0 
1842535767 1842535652 47 2 0 
206265782 26755451 36 6 0 
1336736395 1336736296 45 6 0 
3058939326 3058939325 22 6 0 
2083102633 2083102632 3 3 0 
1348101384 2181116895 18 6 0 
2097174649 2093824825 6 6 0 
1842452372 1842452255 97 6 0 
2089318712 2089318710 4 2 0 
2083936212 2083936206 13 6 0 
1828841427 1828841445 18 0 0 
1394584642 1394584634 10 6 0 
1403182004 1403182005 9 6 0 
2847985111 2847985110 7 6 0 
2821290422 2821290421 19 6 0 
2083934925 2083934937 10 6 0 
2083237756 2083237740 7 1 0 
2082757836 2082757838 3 2 0 
2925941047 2925941035 14 6 0 
1326263083 1326263082 34 6 0 
1403309184 26754848 74 6 0 
2875710469 2875710468 4 1 0 
2935219265 2935219272 28 6 0 
7 100
1830081713 1830081721 29 7 0 
2287887138 2287887140 2 1 0 
26754891 1489210936 7 7 0 
2821243715 2821243714 10 7 0 
1185688761 3074768114 28 7 0 
2434160536 2434160530 38 7 0 
2936057170 2936057178 30 7 0 
2093710888 2093710929 30 7 0 
2083236071 2083236064 13 7 0 
267390056 267390057 24 7 0 
1348242456 1348242458 5 3 0 
2083236124 2083236116 7 7 0 
2082758136 2082758135 7 0 0 
2083249876 2083249882 11 7 0 
2259884794 2259884792 9 7 0 
1325305113 1325305112 20 0 0 
1828842557 1828842559 40 7 0 
2083235671 2083235689 4 3 0 
2092267484 2092267482 35 7 0 
1403220031 1403220125 55 7 0 
1830082024 1830082019 10 7 0 
3058867904 3058867903 21 7 0 
2931222523 2931222522 4 1 0 
1337631647 1337631490 49 7 0 
2861877260 2861877259 4 4 0 
1400895913 1400895922 9 0 0 
1324112318 1324082054 35 7 0 
2291059508 2291059502 14 7 0 
1828842050 1828842032 29 7 0 
2301887552 2301887553 9 7 0 
1842535634 1842535648 19 7 0 
3057195425 3057195424 18 7 0 
2527928723 2931222537 7 7 0 
2092268652 1828841341 20 7 0 
2529139488 2529139491 7 7 0 
1326276965 2301887248 7 7 0 
2093824744 2093824748 7 7 0 
1961414204 1613749015 15 1 0 
2795439173 2795439174 3 2 0 
1403298452 1403298627 4 2 0 
247989562 247989561 35 7 0 
1489118892 1489118874 26 2 0 
1319470567 1319470713 1 1 0 
2083102488 2083102480 11 2 0 
2925941042 2925941038 18 0 0 
2875710428 2935352259 17 1 0 
2925941045 2925941052 15 7 0 
1370289468 1370195782 15 7 0 
1842451916 1842451886 19 2 0 
2083235367 2083235362 12 7 0 
2082758426 2082758423 16 7 0 
2936780917 319166776 6 4 0 
2171007384 977774187 22 7 0 
2084333227 2084333224 10 2 0 
1369848402 1369848394 18 7 0 
2083936342 2434210887 13 1 0 
2935248927 2935248931 7 7 0 
2083236556 2083236583 10 7 0 
2084333218 2084333231 14 7 0 
2083102398 2083102400 22 7 0 
2083934540 2083934544 15 7 0 
1828386572 967757734 25 7 0 
2081527334 2081527330 13 7 0 
1839714607 1839714572 175 7 0 
1348141971 1348141976 9 1 0 
2083235295 2083235298 37 7 0 
2083103290 2083103292 20 7 0 
3074768862 2985255745 12 7 0 
2083102728 2083102724 10 1 0 
1830081885 1830081894 8 7 0 
2083102620 2083102618 7 7 0 
2434187588 2434187595 10 7 0 
2084333101 2084333103 5 0 0 
2083935571 2083935563 12 7 0 
1499371526 1499371539 3 0 0 
2083102784 2083102782 23 0 0 
2081527194 2081527196 3 2 0 
1842535767 1842535652 47 3 0 
206265782 26755451 36 7 0 
1336736395 1336736296 45 7 0 
3058939326 3058939325 22 7 0 
2083102632 2083102630 3 0 0 
1348101384 2181116895 18 7 0 
2093824825 2093824824 23 0 0 
1842452372 1842452255 97 7 0 
2089318712 2089318710 4 3 0 
2083936212 2083936206 13 7 0 
1828841427 1828841445 18 1 0 
1394584642 1394584634 10 7 0 
1403182004 1403182005 9 7 0 
2847985111 2847985110 7 7 0 
2821290422 2821290421 19 7 0 
2083934925 2083934937 10 7 0 
2083237756 2083237740 7 2 0 
2082757836 2082757838 3 3 0 
2925941047 2925941035 14 7 0 
1326263083 1326263082 34 7 0 
1403309184 26754848 74 7 0 
2875710469 2875710468 4 2 0 
2935219265 2935219272 28 7 0 
8 100
1830081713 1830081721 29 8 0 
2287887138 2287887140 2 2 0 
1489210936 1489210934 6 0 0 
2821243715 2821243714 10 8 0 
1185688761 3074768114 28 8 0 
2434160536 2434160530 38 8 0 
2936057170 2936057178 30 8 0 
2093710888 2093710929 30 8 0 
2083236071 2083236064 13 8 0 
267390056 267390057 24 8 0 
1348242456 1348242458 5 4 0 
2083236116 2083236101 12 0 0 
2082758136 2082758135 7 1 0 
2083249876 2083249882 11 8 0 
2259884794 2259884792 9 8 0 
1325305113 1325305112 20 1 0 
1828842557 1828842559 40 8 0 
2083235671 2083235689 4 4 0 
2092267484 2092267482 35 8 0 
1403220031 1403220125 55 8 0 
1830082024 1830082019 10 8 0 
3058867904 3058867903 21 8 0 
2931222523 2931222522 4 2 0 
1337631647 1337631490 49 8 0 
2861877259 2861877258 6 0 0 
1400895913 1400895922 9 1 0 
1324112318 1324082054 35 8 0 
2291059508 2291059502 14 8 0 
1828842050 1828842032 29 8 0 
2301887552 2301887553 9 8 0 
1842535634 1842535648 19 8 0 
3057195425 3057195424 18 8 0 
2931222537 2931222533 6 0 0 
2092268652 1828841341 20 8 0 
2529139491 2529139494 5 0 0 
2301887248 2301887234 54 0 0 
2093824748 2093824750 6 0 0 
1961414204 1613749015 15 2 0 
2795439173 2795439174 3 3 0 
1403298452 1403298627 4 3 0 
247989562 247989561 35 8 0 
1489118892 1489118874 26 3 0 
1319470713 1319470618 2 0 0 
2083102488 2083102480 11 3 0 
2925941042 2925941038 18 1 0 
2875710428 2935352259 17 2 0 
2925941045 2925941052 15 8 0 
1370289468 1370195782 15 8 0 
1842451916 1842451886 19 3 0 
2083235367 2083235362 12 8 0 
2082758426 2082758423 16 8 0 
2936780917 319166776 6 5 0 
2171007384 977774187 22 8 0 
2084333227 2084333224 10 3 0 
1369848402 1369848394 18 8 0 
2083936342 2434210887 13 2 0 
2935248931 2935248938 25 0 0 
2083236556 2083236583 10 8 0 
2084333218 2084333231 14 8 0 
2083102398 2083102400 22 8 0 
2083934540 2083934544 15 8 0 
1828386572 967757734 25 8 0 
2081527334 2081527330 13 8 0 
1839714607 1839714572 175 8 0 
1348141971 1348141976 9 2 0 
2083235295 2083235298 37 8 0 
2083103290 2083103292 20 8 0 
3074768862 2985255745 12 8 0 
2083102728 2083102724 10 2 0 
1830081885 1830081894 8 8 0 
2083102618 2083102617 4 0 0 
2434187588 2434187595 10 8 0 
2084333101 2084333103 5 1 0 
2083935571 2083935563 12 8 0 
1499371526 1499371539 3 1 0 
2083102784 2083102782 23 1 0 
2081527194 2081527196 3 3 0 
1842535767 1842535652 47 4 0 
206265782 26755451 36 8 0 
1336736395 1336736296 45 8 0 
3058939326 3058939325 22 8 0 
2083102632 2083102630 3 1 0 
1348101384 2181116895 18 8 0 
2093824825 2093824824 23 1 0 
1842452372 1842452255 97 8 0 
2089318712 2089318710 4 4 0 
2083936212 2083936206 13 8 0 
1828841427 1828841445 18 2 0 
1394584642 1394584634 10 8 0 
1403182004 1403182005 9 8 0 
2847985110 2847985109 6 0 0 
2821290422 2821290421 19 8 0 
2083934925 2083934937 10 8 0 
2083237756 2083237740 7 3 0 
2082757838 2082757837 6 0 0 
2925941047 2925941035 14 8 0 
1326263083 1326263082 34 8 0 
1403309184 26754848 74 8 0 
2875710469 2875710468 4 3 0 
2935219265 2935219272 28 8 0 
9 100
1830081713 1830081721 29 9 0 
2287887140 2287887139 2 0 0 
1489210936 1489210934 6 1 0 
2821243715 2821243714 10 9 0 
1185688761 3074768114 28 9 0 
2434160536 2434160530 38 9 0 
2936057170 2936057178 30 9 0 
2093710888 2093710929 30 9 0 
2083236071 2083236064 13 9 0 
267390056 267390057 24 9 0 
1348242456 1348242458 5 5 0 
2083236116 2083236101 12 1 0 
2082758136 2082758135 7 2 0 
2083249876 2083249882 11 9 0 
2259884794 2259884792 9 9 0 
1325305113 1325305112 20 2 0 
1828842557 1828842559 40 9 0 
2083235689 2083235704 4 0 0 
2092267484 2092267482 35 9 0 
1403220031 1403220125 55 9 0 
1830082024 1830082019 10 9 0 
3058867904 3058867903 21 9 0 
2931222523 2931222522 4 3 0 
1337631647 1337631490 49 9 0 
2861877259 2861877258 6 1 0 
1400895913 1400895922 9 2 0 
1324112318 1324082054 35 9 0 
2291059508 2291059502 14 9 0 
1828842050 1828842032 29 9 0 
2301887552 2301887553 9 9 0 
1842535634 1842535648 19 9 0 
3057195425 3057195424 18 9 0 
2931222537 2931222533 6 1 0 
2092268652 1828841341 20 9 0 
2529139491 2529139494 5 1 0 
2301887248 2301887234 54 1 0 
2093824748 2093824750 6 1 0 
1961414204 1613749015 15 3 0 
2795439174 2795439175 10 0 0 
1403298452 1403298627 4 4 0 
247989562 247989561 35 9 0 
1489118892 1489118874 26 4 0 
1319470713 1319470618 2 1 0 
2083102488 2083102480 11 4 0 
2925941042 2925941038 18 2 0 
2875710428 2935352259 17 3 0 
2925941045 2925941052 15 9 0 
1370289468 1370195782 15 9 0 
1842451916 1842451886 19 4 0 
2083235367 2083235362 12 9 0 
2082758426 2082758423 16 9 0 
2936780917 319166776 6 6 0 
2171007384 977774187 22 9 0 
2084333227 2084333224 10 4 0 
1369848402 1369848394 18 9 0 
2083936342 2434210887 13 3 0 
2935248931 2935248938 25 1 0 
2083236556 2083236583 10 9 0 
2084333218 2084333231 14 9 0 
2083102398 2083102400 22 9 0 
2083934540 2083934544 15 9 0 
1828386572 967757734 25 9 0 
2081527334 2081527330 13 9 0 
1839714607 1839714572 175 9 0 
1348141971 1348141976 9 3 0 
2083235295 2083235298 37 9 0 
2083103290 2083103292 20 9 0 
3074768862 2985255745 12 9 0 
2083102728 2083102724 10 3 0 
1830081894 1830081926 46 0 0 
2083102618 2083102617 4 1 0 
2434187588 2434187595 10 9 0 
2084333101 2084333103 5 2 0 
2083935571 2083935563 12 9 0 
1499371526 1499371539 3 2 0 
2083102784 2083102782 23 2 0 
2081527196 2081527197 4 0 0 
1842535767 1842535652 47 5 0 
206265782 26755451 36 9 0 
1336736395 1336736296 45 9 0 
3058939326 3058939325 22 9 0 
2083102632 2083102630 3 2 0 
1348101384 2181116895 18 9 0 
2093824825 2093824824 23 2 0 
1842452372 1842452255 97 9 0 
2089318710 2089318707 10 0 0 
2083936212 2083936206 13 9 0 
1828841427 1828841445 18 3 0 
1394584642 1394584634 10 9 0 
1403182004 1403182005 9 9 0 
2847985110 2847985109 6 1 0 
2821290422 2821290421 19 9 0 
2083934925 2083934937 10 9 0 
2083237756 2083237740 7 4 0 
2082757838 2082757837 6 1 0 
2925941047 2925941035 14 9 0 
1326263083 1326263082 34 9 0 
1403309184 26754848 74 9 0 
2875710469 2875710468 4 4 0 
2935219265 2935219272 28 9 0 
10 100
1830081713 1830081721 29 10 0 
2287887140 2287887139 2 1 0 
1489210936 1489210934 6 2 0 
2821243715 2821243714 10 10 0 
1185688761 3074768114 28 10 0 
2434160536 2434160530 38 10 0 
2936057170 2936057178 30 10 0 
2093710888 2093710929 30 10 0 
2083236071 2083236064 13 10 0 
267390056 267390057 24 10 0 
1348242458 1348242485 5 0 0 
2083236116 2083236101 12 2 0 
2082758136 2082758135 7 3 0 
2083249876 2083249882 11 10 0 
2259884792 2259884788 11 0 0 
1325305113 1325305112 20 3 0 
1828842557 1828842559 40 10 0 
2083235689 2083235704 4 1 0 
2092267484 2092267482 35 10 0 
1403220031 1403220125 55 10 0 
1830082024 1830082019 10 10 0 
3058867904 3058867903 21 10 0 
2931222523 2931222522 4 4 0 
1337631647 1337631490 49 10 0 
2861877259 2861877258 6 2 0 
1400895913 1400895922 9 3 0 
1324112318 1324082054 35 10 0 
2291059508 2291059502 14 10 0 
1828842050 1828842032 29 10 0 
2301887553 2301887554 5 0 0 
1842535634 1842535648 19 10 0 
3057195425 3057195424 18 10 0 
2931222537 2931222533 6 2 0 
2092268652 1828841341 20 10 0 
2529139491 2529139494 5 2 0 
2301887248 2301887234 54 2 0 
2093824748 2093824750 6 2 0 
1961414204 1613749015 15 4 0 
2795439174 2795439175 10 1 0 
1403298627 1403298462 2 0 0 
247989562 247989561 35 10 0 
1489118892 1489118874 26 5 0 
1319470713 1319470618 2 2 0 
2083102488 2083102480 11 5 0 
2925941042 2925941038 18 3 0 
2875710428 2935352259 17 4 0 
2925941045 2925941052 15 10 0 
1370289468 1370195782 15 10 0 
1842451916 1842451886 19 5 0 
2083235367 2083235362 12 10 0 
2082758426 2082758423 16 10 0 
319166776 1400895897 15 0 0 
2171007384 977774187 22 10 0 
2084333227 2084333224 10 5 0 
1369848402 1369848394 18 10 0 
2083936342 2434210887 13 4 0 
2935248931 2935248938 25 2 0 
2083236556 2083236583 10 10 0 
2084333218 2084333231 14 10 0 
2083102398 2083102400 22 10 0 
2083934540 2083934544 15 10 0 
1828386572 967757734 25 10 0 
2081527334 2081527330 13 10 0 
1839714607 1839714572 175 10 0 
1348141971 1348141976 9 4 0 
2083235295 2083235298 37 10 0 
2083103290 2083103292 20 10 0 
3074768862 2985255745 12 10 0 
2083102728 2083102724 10 4 0 
1830081894 1830081926 46 1 0 
2083102618 2083102617 4 2 0 
2434187588 2434187595 10 10 0 
2084333101 2084333103 5 3 0 
2083935571 2083935563 12 10 0 
1499371526 1499371539 3 3 0 
2083102784 2083102782 23 3 0 
2081527196 2081527197 4 1 0 
1842535767 1842535652 47 6 0 
206265782 26755451 36 10 0 
1336736395 1336736296 45 10 0 
3058939326 3058939325 22 10 0 
2083102632 2083102630 3 3 0 
1348101384 2181116895 18 10 0 
2093824825 2093824824 23 3 0 
1842452372 1842452255 97 10 0 
2089318710 2089318707 10 1 0 
2083936212 2083936206 13 10 0 
1828841427 1828841445 18 4 0 
1394584642 1394584634 10 10 0 
1403182005 1403182010 3 0 0 
2847985110 2847985109 6 2 0 
2821290422 2821290421 19 10 0 
2083934925 2083934937 10 10 0 
2083237756 2083237740 7 5 0 
2082757838 2082757837 6 2 0 
2925941047 2925941035 14 10 0 
1326263083 1326263082 34 10 0 
1403309184 26754848 74 10 0 
2875710468 2875710467 4 0 0 
2935219265 2935219272 28 10 0 
11 100
1830081713 1830081721 29 11 0 
2287887140 2287887139 2 2 0 
1489210936 1489210934 6 3 0 
2821243714 2821243713 11 0 0 
1185688761 3074768114 28 11 0 
2434160536 2434160530 38 11 0 
2936057170 2936057178 30 11 0 
2093710888 2093710929 30 11 0 
2083236071 2083236064 13 11 0 
267390056 267390057 24 11 0 
1348242458 1348242485 5 1 0 
2083236116 2083236101 12 3 0 
2082758136 2082758135 7 4 0 
2083249876 2083249882 11 11 0 
2259884792 2259884788 11 1 0 
1325305113 1325305112 20 4 0 
1828842557 1828842559 40 11 0 
2083235689 2083235704 4 2 0 
2092267484 2092267482 35 11 0 
1403220031 1403220125 55 11 0 
1830082019 1830082012 8 0 0 
3058867904 3058867903 21 11 0 
2931222522 2527928715 6 0 0 
1337631647 1337631490 49 11 0 
2861877259 2861877258 6 3 0 
1400895913 1400895922 9 4 0 
1324112318 1324082054 35 11 0 
2291059508 2291059502 14 11 0 
1828842050 1828842032 29 11 0 
2301887553 2301887554 5 1 0 
1842535634 1842535648 19 11 0 
3057195425 3057195424 18 11 0 
2931222537 2931222533 6 3 0 
2092268652 1828841341 20 11 0 
2529139491 2529139494 5 3 0 
2301887248 2301887234 54 3 0 
2093824748 2093824750 6 3 0 
1961414204 1613749015 15 5 0 
2795439174 2795439175 10 2 0 
1403298627 1403298462 2 1 0 
247989562 247989561 35 11 0 
1489118892 1489118874 26 6 0 
1319470618 1319470403 2 0 0 
2083102488 2083102480 11 6 0 
2925941042 2925941038 18 4 0 
2875710428 2935352259 17 5 0 
2925941045 2925941052 15 11 0 
1370289468 1370195782 15 11 0 
1842451916 1842451886 19 6 0 
2083235367 2083235362 12 11 0 
2082758426 2082758423 16 11 0 
319166776 1400895897 15 1 0 
2171007384 977774187 22 11 0 
2084333227 2084333224 10 6 0 
1369848402 1369848394 18 11 0 
2083936342 2434210887 13 5 0 
2935248931 2935248938 25 3 0 
2083236583 2083236593 8 0 0 
2084333218 2084333231 14 11 0 
2083102398 2083102400 22 11 0 
2083934540 2083934544 15 11 0 
1828386572 967757734 25 11 0 
2081527334 2081527330 13 11 0 
1839714607 1839714572 175 11 0 
1348141971 1348141976 9 5 0 
2083235295 2083235298 37 11 0 
2083103290 2083103292 20 11 0 
3074768862 2985255745 12 11 0 
2083102728 2083102724 10 5 0 
1830081894 1830081926 46 2 0 
2083102618 2083102617 4 3 0 
2434187595 2434187593 5 0 0 
2084333101 2084333103 5 4 0 
2083935571 2083935563 12 11 0 
1499371539 1499371540 11 0 0 
2083102784 2083102782 23 4 0 
2081527196 2081527197 4 2 0 
1842535767 1842535652 47 7 0 
206265782 26755451 36 11 0 
1336736395 1336736296 45 11 0 
3058939326 3058939325 22 11 0 
2083102630 2083102627 4 0 0 
1348101384 2181116895 18 11 0 
2093824825 2093824824 23 4 0 
1842452372 1842452255 97 11 0 
2089318710 2089318707 10 2 0 
2083936212 2083936206 13 11 0 
1828841427 1828841445 18 5 0 
1394584634 1394584664 11 0 0 
1403182005 1403182010 3 1 0 
2847985110 2847985109 6 3 0 
2821290422 2821290421 19 11 0 
2083934937 2083934947 13 0 0 
2083237756 2083237740 7 6 0 
2082757838 2082757837 6 3 0 
2925941047 2925941035 14 11 0 
1326263083 1326263082 34 11 0 
1403309184 26754848 74 11 0 
2875710468 2875710467 4 1 0 
2935219265 2935219272 28 11 0 
12 100
1830081713 1830081721 29 12 0 
2287887139 2287887131 13 0 0 
1489210936 1489210934 6 4 0 
2821243714 2821243713 11 1 0 
1185688761 3074768114 28 12 0 
2434160536 2434160530 38 12 0 
2936057170 2936057178 30 12 0 
2093710888 2093710929 30 12 0 
2083236071 2083236064 13 12 0 
267390056 267390057 24 12 0 
1348242458 1348242485 5 2 0 
2083236116 2083236101 12 4 0 
2082758136 2082758135 7 5 0 
2083249882 2083249880 10 0 0 
2259884792 2259884788 11 2 0 
1325305113 1325305112 20 5 0 
1828842557 1828842559 40 12 0 
2083235689 2083235704 4 3 0 
2092267484 2092267482 35 12 0 
1403220031 1403220125 55 12 0 
1830082019 1830082012 8 1 0 
3058867904 3058867903 21 12 0 
2931222522 2527928715 6 1 0 
1337631647 1337631490 49 12 0 
2861877259 2861877258 6 4 0 
1400895913 1400895922 9 5 0 
1324112318 1324082054 35 12 0 
2291059508 2291059502 14 12 0 
1828842050 1828842032 29 12 0 
2301887553 2301887554 5 2 0 
1842535634 1842535648 19 12 0 
3057195425 3057195424 18 12 0 
2931222537 2931222533 6 4 0 
2092268652 1828841341 20 12 0 
2529139491 2529139494 5 4 0 
2301887248 2301887234 54 4 0 
2093824748 2093824750 6 4 0 
1961414204 1613749015 15 6 0 
2795439174 2795439175 10 3 0 
1403298627 1403298462 2 2 0 
247989562 247989561 35 12 0 
1489118892 1489118874 26 7 0 
1319470618 1319470403 2 1 0 
2083102488 2083102480 11 7 0 
2925941042 2925941038 18 5 0 
2875710428 2935352259 17 6 0 
2925941045 2925941052 15 12 0 
1370289468 1370195782 15 12 0 
1842451916 1842451886 19 7 0 
2083235367 2083235362 12 12 0 
2082758426 2082758423 16 12 0 
319166776 1400895897 15 2 0 
2171007384 977774187 22 12 0 
2084333227 2084333224 10 7 0 
1369848402 1369848394 18 12 0 
2083936342 2434210887 13 6 0 
2935248931 2935248938 25 4 0 
2083236583 2083236593 8 1 0 
2084333218 2084333231 14 12 0 
2083102398 2083102400 22 12 0 
2083934540 2083934544 15 12 0 
1828386572 967757734 25 12 0 
2081527334 2081527330 13 12 0 
1839714607 1839714572 175 12 0 
1348141971 1348141976 9 6 0 
2083235295 2083235298 37 12 0 
2083103290 2083103292 20 12 0 
3074768862 2985255745 12 12 0 
2083102728 2083102724 10 6 0 
1830081894 1830081926 46 3 0 
2083102618 2083102617 4 4 0 
2434187595 2434187593 5 1 0 
2084333101 2084333103 5 5 0 
2083935571 2083935563 12 12 0 
1499371539 1499371540 11 1 0 
2083102784 2083102782 23 5 0 
2081527196 2081527197 4 3 0 
1842535767 1842535652 47 8 0 
206265782 26755451 36 12 0 
1336736395 1336736296 45 12 0 
3058939326 3058939325 22 12 0 
2083102630 2083102627 4 1 0 
1348101384 2181116895 18 12 0 
2093824825 2093824824 23 5 0 
1842452372 1842452255 97 12 0 
2089318710 2089318707 10 3 0 
2083936212 2083936206 13 12 0 
1828841427 1828841445 18 6 0 
1394584634 1394584664 11 1 0 
1403182005 1403182010 3 2 0 
2847985110 2847985109 6 4 0 
2821290422 2821290421 19 12 0 
2083934937 2083934947 13 1 0 
2083237756 2083237740 7 7 0 
2082757838 2082757837 6 4 0 
2925941047 2925941035 14 12 0 
1326263083 1326263082 34 12 0 
1403309184 26754848 74 12 0 
2875710468 2875710467 4 2 0 
2935219265 2935219272 28 12 0 
13 100
1830081713 1830081721 29 13 0 
2287887139 2287887131 13 1 0 
1489210936 1489210934 6 5 0 
2821243714 2821243713 11 2 0 
1185688761 3074768114 28 13 0 
2434160536 2434160530 38 13 0 
2936057170 2936057178 30 13 0 
2093710888 2093710929 30 13 0 
2083236071 2083236064 13 13 0 
267390056 267390057 24 13 0 
1348242458 1348242485 5 3 0 
2083236116 2083236101 12 5 0 
2082758136 2082758135 7 6 0 
2083249882 2083249880 10 1 0 
2259884792 2259884788 11 3 0 
1325305113 1325305112 20 6 0 
1828842557 1828842559 40 13 0 
2083235689 2083235704 4 4 0 
2092267484 2092267482 35 13 0 
1403220031 1403220125 55 13 0 
1830082019 1830082012 8 2 0 
3058867904 3058867903 21 13 0 
2931222522 2527928715 6 2 0 
1337631647 1337631490 49 13 0 
2861877259 2861877258 6 5 0 
1400895913 1400895922 9 6 0 
1324112318 1324082054 35 13 0 
2291059508 2291059502 14 13 0 
1828842050 1828842032 29 13 0 
2301887553 2301887554 5 3 0 
1842535634 1842535648 19 13 0 
3057195425 3057195424 18 13 0 
2931222537 2931222533 6 5 0 
2092268652 1828841341 20 13 0 
2529139491 2529139494 5 5 0 
2301887248 2301887234 54 5 0 
2093824748 2093824750 6 5 0 
1961414204 1613749015 15 7 0 
2795439174 2795439175 10 4 0 
1403298462 1403298476 3 0 0 
247989562 247989561 35 13 0 
1489118892 1489118874 26 8 0 
1319470618 1319470403 2 2 0 
2083102488 2083102480 11 8 0 
2925941042 2925941038 18 6 0 
2875710428 2935352259 17 7 0 
2925941045 2925941052 15 13 0 
1370289468 1370195782 15 13 0 
1842451916 1842451886 19 8 0 
2083235362 2083235360 9 0 0 
2082758426 2082758423 16 13 0 
319166776 1400895897 15 3 0 
2171007384 977774187 22 13 0 
2084333227 2084333224 10 8 0 
1369848402 1369848394 18 13 0 
2083936342 2434210887 13 7 0 
2935248931 2935248938 25 5 0 
2083236583 2083236593 8 2 0 
2084333218 2084333231 14 13 0 
2083102398 2083102400 22 13 0 
2083934540 2083934544 15 13 0 
1828386572 967757734 25 13 0 
2081527334 2081527330 13 13 0 
1839714607 1839714572 175 13 0 
1348141971 1348141976 9 7 0 
2083235295 2083235298 37 13 0 
2083103290 2083103292 20 13 0 
2985255745 2985255441 8 0 0 
2083102728 2083102724 10 7 0 
1830081894 1830081926 46 4 0 
2083102617 2083102616 17 0 0 
2434187595 2434187593 5 2 0 
2084333103 2084333112 9 0 0 
2083935563 2083935555 6 0 0 
1499371539 1499371540 11 2 0 
2083102784 2083102782 23 6 0 
2081527196 2081527197 4 4 0 
1842535767 1842535652 47 9 0 
206265782 26755451 36 13 0 
1336736395 1336736296 45 13 0 
3058939326 3058939325 22 13 0 
2083102630 2083102627 4 2 0 
1348101384 2181116895 18 13 0 
2093824825 2093824824 23 6 0 
1842452372 1842452255 97 13 0 
2089318710 2089318707 10 4 0 
2083936212 2083936206 13 13 0 
1828841427 1828841445 18 7 0 
1394584634 1394584664 11 2 0 
1403182005 1403182010 3 3 0 
2847985110 2847985109 6 5 0 
2821290422 2821290421 19 13 0 
2083934937 2083934947 13 2 0 
2083237740 2083237732 6 0 0 
2082757838 2082757837 6 5 0 
2925941047 2925941035 14 13 0 
1326263083 1326263082 34 13 0 
1403309184 26754848 74 13 0 
2875710468 2875710467 4 3 0 
2935219265 2935219272 28 13 0 
14 100
1830081713 1830081721 29 14 0 
2287887139 2287887131 13 2 0 
1489210936 1489210934 6 6 0 
2821243714 2821243713 11 3 0 
1185688761 3074768114 28 14 0 
2434160536 2434160530 38 14 0 
2936057170 2936057178 30 14 0 
2093710888 2093710929 30 14 0 
2083236064 2083236052 17 0 0 
267390056 267390057 24 14 0 
1348242458 1348242485 5 4 0 
2083236116 2083236101 12 6 0 
2082758136 2082758135 7 7 0 
2083249882 2083249880 10 2 0 
2259884792 2259884788 11 4 0 
1325305113 1325305112 20 7 0 
1828842557 1828842559 40 14 0 
2083235704 2083235709 19 0 0 
2092267484 2092267482 35 14 0 
1403220031 1403220125 55 14 0 
1830082019 1830082012 8 3 0 
3058867904 3058867903 21 14 0 
2931222522 2527928715 6 3 0 
1337631647 1337631490 49 14 0 
2861877259 2861877258 6 6 0 
1400895913 1400895922 9 7 0 
1324112318 1324082054 35 14 0 
2291059508 2291059502 14 14 0 
1828842050 1828842032 29 14 0 
2301887553 2301887554 5 4 0 
1842535634 1842535648 19 14 0 
3057195425 3057195424 18 14 0 
2931222537 2931222533 6 6 0 
2092268652 1828841341 20 14 0 
2529139494 2529139496 4 0 0 
2301887248 2301887234 54 6 0 
2093824748 2093824750 6 6 0 
1961414204 1613749015 15 8 0 
2795439174 2795439175 10 5 0 
1403298462 1403298476 3 1 0 
247989562 247989561 35 14 0 
1489118892 1489118874 26 9 0 
1319470403 1319470656 2 0 0 
2083102488 2083102480 11 9 0 
2925941042 2925941038 18 7 0 
2875710428 2935352259 17 8 0 
2925941045 2925941052 15 14 0 
1370289468 1370195782 15 14 0 
1842451916 1842451886 19 9 0 
2083235362 2083235360 9 1 0 
2082758426 2082758423 16 14 0 
319166776 1400895897 15 4 0 
2171007384 977774187 22 14 0 
2084333227 2084333224 10 9 0 
1369848402 1369848394 18 14 0 
2083936342 2434210887 13 8 0 
2935248931 2935248938 25 6 0 
2083236583 2083236593 8 3 0 
2084333218 2084333231 14 14 0 
2083102398 2083102400 22 14 0 
2083934540 2083934544 15 14 0 
1828386572 967757734 25 14 0 
2081527330 2081527328 10 0 0 
1839714607 1839714572 175 14 0 
1348141971 1348141976 9 8 0 
2083235295 2083235298 37 14 0 
2083103290 2083103292 20 14 0 
2985255745 2985255441 8 1 0 
2083102728 2083102724 10 8 0 
1830081894 1830081926 46 5 0 
2083102617 2083102616 17 1 0 
2434187595 2434187593 5 3 0 
2084333103 2084333112 9 1 0 
2083935563 2083935555 6 1 0 
1499371539 1499371540 11 3 0 
2083102784 2083102782 23 7 0 
2081527197 2081527199 5 0 0 
1842535767 1842535652 47 10 0 
206265782 26755451 36 14 0 
1336736395 1336736296 45 14 0 
3058939326 3058939325 22 14 0 
2083102630 2083102627 4 3 0 
1348101384 2181116895 18 14 0 
2093824825 2093824824 23 7 0 
1842452372 1842452255 97 14 0 
2089318710 2089318707 10 5 0 
2083936206 2083936200 13 0 0 
1828841427 1828841445 18 8 0 
1394584634 1394584664 11 3 0 
1403182010 98242920 25 0 0 
2847985110 2847985109 6 6 0 
2821290422 2821290421 19 14 0 
2083934937 2083934947 13 3 0 
2083237740 2083237732 6 1 0 
2082757838 2082757837 6 6 0 
2925941047 2925941035 14 14 0 
1326263083 1326263082 34 14 0 
1403309184 26754848 74 14 0 
2875710468 2875710467 4 4 0 
2935219265 2935219272 28 14 0 
15 100
1830081713 1830081721 29 15 0 
2287887139 2287887131 13 3 0 
1489210934 1900786573 27 0 0 
2821243714 2821243713 11 4 0 
1185688761 3074768114 28 15 0 
2434160536 2434160530 38 15 0 
2936057170 2936057178 30 15 0 
2093710888 2093710929 30 15 0 
2083236064 2083236052 17 1 0 
267390056 267390057 24 15 0 
1348242458 1348242485 5 5 0 
2083236116 2083236101 12 7 0 
2082758135 2082758139 11 0 0 
2083249882 2083249880 10 3 0 
2259884792 2259884788 11 5 0 
1325305113 1325305112 20 8 0 
1828842557 1828842559 40 15 0 
2083235704 2083235709 19 1 0 
2092267484 2092267482 35 15 0 
1403220031 1403220125 55 15 0 
1830082019 1830082012 8 4 0 
3058867904 3058867903 21 15 0 
2931222522 2527928715 6 4 0 
1337631647 1337631490 49 15 0 
2861877258 2861877257 6 0 0 
1400895913 1400895922 9 8 0 
1324112318 1324082054 35 15 0 
2291059502 2291059498 10 0 0 
1828842050 1828842032 29 15 0 
2301887553 2301887554 5 5 0 
1842535634 1842535648 19 15 0 
3057195425 3057195424 18 15 0 
2931222533 2931222531 3 0 0 
2092268652 1828841341 20 15 0 
2529139494 2529139496 4 1 0 
2301887248 2301887234 54 7 0 
2093824750 2093824769 19 0 0 
1961414204 1613749015 15 9 0 
2795439174 2795439175 10 6 0 
1403298462 1403298476 3 2 0 
247989562 247989561 35 15 0 
1489118892 1489118874 26 10 0 
1319470403 1319470656 2 1 0 
2083102488 2083102480 11 10 0 
2925941042 2925941038 18 8 0 
2875710428 2935352259 17 9 0 
2925941045 2925941052 15 15 0 
1370289468 1370195782 15 15 0 
1842451916 1842451886 19 10 0 
2083235362 2083235360 9 2 0 
2082758426 2082758423 16 15 0 
319166776 1400895897 15 5 0 
2171007384 977774187 22 15 0 
2084333227 2084333224 10 10 0 
1369848402 1369848394 18 15 0 
2083936342 2434210887 13 9 0 
2935248931 2935248938 25 7 0 
2083236583 2083236593 8 4 0 
2084333231 2084333233 16 0 0 
2083102398 2083102400 22 15 0 
2083934540 2083934544 15 15 0 
1828386572 967757734 25 15 0 
2081527330 2081527328 10 1 0 
1839714607 1839714572 175 15 0 
1348141971 1348141976 9 9 0 
2083235295 2083235298 37 15 0 
2083103290 2083103292 20 15 0 
2985255745 2985255441 8 2 0 
2083102728 2083102724 10 9 0 
1830081894 1830081926 46 6 0 
2083102617 2083102616 17 2 0 
2434187595 2434187593 5 4 0 
2084333103 2084333112 9 2 0 
2083935563 2083935555 6 2 0 
1499371539 1499371540 11 4 0 
2083102784 2083102782 23 8 0 
2081527197 2081527199 5 1 0 
1842535767 1842535652 47 11 0 
206265782 26755451 36 15 0 
1336736395 1336736296 45 15 0 
3058939326 3058939325 22 15 0 
2083102630 2083102627 4 4 0 
1348101384 2181116895 18 15 0 
2093824825 2093824824 23 8 0 
1842452372 1842452255 97 15 0 
2089318710 2089318707 10 6 0 
2083936206 2083936200 13 1 0 
1828841427 1828841445 18 9 0 
1394584634 1394584664 11 4 0 
1403182010 98242920 25 1 0 
2847985109 2847985108 7 0 0 
2821290422 2821290421 19 15 0 
2083934937 2083934947 13 4 0 
2083237740 2083237732 6 2 0 
2082757837 2082757833 5 0 0 
2925941035 1337665349 94 0 0 
1326263083 1326263082 34 15 0 
1403309184 26754848 74 15 0 
2875710467 2875710466 8 0 0 
2935219265 2935219272 28 15 0 
16 100
1830081713 1830081721 29 16 0 
2287887139 2287887131 13 4 0 
1489210934 1900786573 27 1 0 
2821243714 2821243713 11 5 0 
1185688761 3074768114 28 16 0 
2434160536 2434160530 38 16 0 
2936057170 2936057178 30 16 0 
2093710888 2093710929 30 16 0 
2083236064 2083236052 17 2 0 
267390056 267390057 24 16 0 
1348242485 2969934860 3 0 0 
2083236116 2083236101 12 8 0 
2082758135 2082758139 11 1 0 
2083249882 2083249880 10 4 0 
2259884792 2259884788 11 6 0 
1325305113 1325305112 20 9 0 
1828842557 1828842559 40 16 0 
2083235704 2083235709 19 2 0 
2092267484 2092267482 35 16 0 
1403220031 1403220125 55 16 0 
1830082019 1830082012 8 5 0 
3058867904 3058867903 21 16 0 
2931222522 2527928715 6 5 0 
1337631647 1337631490 49 16 0 
2861877258 2861877257 6 1 0 
1400895913 1400895922 9 9 0 
1324112318 1324082054 35 16 0 
2291059502 2291059498 10 1 0 
1828842050 1828842032 29 16 0 
2301887554 2301887548 40 0 0 
1842535634 1842535648 19 16 0 
3057195425 3057195424 18 16 0 
2931222533 2931222531 3 1 0 
2092268652 1828841341 20 16 0 
2529139494 2529139496 4 2 0 
2301887248 2301887234 54 8 0 
2093824750 2093824769 19 1 0 
1961414204 1613749015 15 10 0 
2795439174 2795439175 10 7 0 
1403298462 1403298476 3 3 0 
247989562 247989561 35 16 0 
1489118892 1489118874 26 11 0 
1319470403 1319470656 2 2 0 
2083102488 2083102480 11 11 0 
2925941042 2925941038 18 9 0 
2875710428 2935352259 17 10 0 
2925941052 2925941055 9 0 0 
1370195782 1370289495 31 0 0 
1842451916 1842451886 19 11 0 
2083235362 2083235360 9 3 0 
2082758426 2082758423 16 16 0 
319166776 1400895897 15 6 0 
2171007384 977774187 22 16 0 
2084333224 2084333220 10 0 0 
1369848402 1369848394 18 16 0 
2083936342 2434210887 13 10 0 
2935248931 2935248938 25 8 0 
2083236583 2083236593 8 5 0 
2084333231 2084333233 16 1 0 
2083102398 2083102400 22 16 0 
2083934544 2083934541 17 0 0 
1828386572 967757734 25 16 0 
2081527330 2081527328 10 2 0 
1839714607 1839714572 175 16 0 
1348141976 1348141968 46 0 0 
2083235295 2083235298 37 16 0 
2083103290 2083103292 20 16 0 
2985255745 2985255441 8 3 0 
2083102728 2083102724 10 10 0 
1830081894 1830081926 46 7 0 
2083102617 2083102616 17 3 0 
2434187595 2434187593 5 5 0 
2084333103 2084333112 9 3 0 
2083935563 2083935555 6 3 0 
1499371539 1499371540 11 5 0 
2083102784 2083102782 23 9 0 
2081527197 2081527199 5 2 0 
1842535767 1842535652 47 12 0 
206265782 26755451 36 16 0 
1336736395 1336736296 45 16 0 
3058939326 3058939325 22 16 0 
2083102627 2083102625 7 0 0 
1348101384 2181116895 18 16 0 
2093824825 2093824824 23 9 0 
1842452372 1842452255 97 16 0 
2089318710 2089318707 10 7 0 
2083936206 2083936200 13 2 0 
1828841427 1828841445 18 10 0 
1394584634 1394584664 11 5 0 
1403182010 98242920 25 2 0 
2847985109 2847985108 7 1 0 
2821290422 2821290421 19 16 0 
2083934937 2083934947 13 5 0 
2083237740 2083237732 6 3 0 
2082757837 2082757833 5 1 0 
2925941035 1337665349 94 1 0 
1326263083 1326263082 34 16 0 
1403309184 26754848 74 16 0 
2875710467 2875710466 8 1 0 
2935219265 2935219272 28 16 0 
17 100
1830081713 1830081721 29 17 0 
2287887139 2287887131 13 5 0 
1489210934 1900786573 27 2 0 
2821243714 2821243713 11 6 0 
1185688761 3074768114 28 17 0 
2434160536 2434160530 38 17 0 
2936057170 2936057178 30 17 0 
2093710888 2093710929 30 17 0 
2083236064 2083236052 17 3 0 
267390056 267390057 24 17 0 
1348242485 2969934860 3 1 0 
2083236116 2083236101 12 9 0 
2082758135 2082758139 11 2 0 
2083249882 2083249880 10 5 0 
2259884792 2259884788 11 7 0 
1325305113 1325305112 20 10 0 
1828842557 1828842559 40 17 0 
2083235704 2083235709 19 3 0 
2092267484 2092267482 35 17 0 
1403220031 1403220125 55 17 0 
1830082019 1830082012 8 6 0 
3058867904 3058867903 21 17 0 
2931222522 2527928715 6 6 0 
1337631647 1337631490 49 17 0 
2861877258 2861877257 6 2 0 
1400895922 1500791552 9 0 0 
1324112318 1324082054 35 17 0 
2291059502 2291059498 10 2 0 
1828842050 1828842032 29 17 0 
2301887554 2301887548 40 1 0 
1842535634 1842535648 19 17 0 
3057195425 3057195424 18 17 0 
2931222533 2931222531 3 2 0 
2092268652 1828841341 20 17 0 
2529139494 2529139496 4 3 0 
2301887248 2301887234 54 9 0 
2093824750 2093824769 19 2 0 
1961414204 1613749015 15 11 0 
2795439174 2795439175 10 8 0 
1403298476 1403305157 67 0 0 
247989562 247989561 35 17 0 
1489118892 1489118874 26 12 0 
1319470656 1319470524 2 0 0 
2083102480 2083102469 29 0 0 
2925941042 2925941038 18 10 0 
2875710428 2935352259 17 11 0 
2925941052 2925941055 9 1 0 
1370195782 1370289495 31 1 0 
1842451916 1842451886 19 12 0 
2083235362 2083235360 9 4 0 
2082758423 2082758418 30 0 0 
319166776 1400895897 15 7 0 
2171007384 977774187 22 17 0 
2084333224 2084333220 10 1 0 
1369848402 1369848394 18 17 0 
2083936342 2434210887 13 11 0 
2935248931 2935248938 25 9 0 
2083236583 2083236593 8 6 0 
2084333231 2084333233 16 2 0 
2083102398 2083102400 22 17 0 
2083934544 2083934541 17 1 0 
1828386572 967757734 25 17 0 
2081527330 2081527328 10 3 0 
1839714607 1839714572 175 17 0 
1348141976 1348141968 46 1 0 
2083235295 2083235298 37 17 0 
2083103290 2083103292 20 17 0 
2985255745 2985255441 8 4 0 
2083102724 2083102712 16 0 0 
1830081894 1830081926 46 8 0 
2083102617 2083102616 17 4 0 
2434187593 2434187586 8 0 0 
2084333103 2084333112 9 4 0 
2083935563 2083935555 6 4 0 
1499371539 1499371540 11 6 0 
2083102784 2083102782 23 10 0 
2081527197 2081527199 5 3 0 
1842535767 1842535652 47 13 0 
206265782 26755451 36 17 0 
1336736395 1336736296 45 17 0 
3058939326 3058939325 22 17 0 
2083102627 2083102625 7 1 0 
1348101384 2181116895 18 17 0 
2093824825 2093824824 23 10 0 
1842452372 1842452255 97 17 0 
2089318710 2089318707 10 8 0 
2083936206 2083936200 13 3 0 
1828841427 1828841445 18 11 0 
1394584634 1394584664 11 6 0 
1403182010 98242920 25 3 0 
2847985109 2847985108 7 2 0 
2821290422 2821290421 19 17 0 
2083934937 2083934947 13 6 0 
2083237740 2083237732 6 4 0 
2082757837 2082757833 5 2 0 
2925941035 1337665349 94 2 0 
1326263083 1326263082 34 17 0 
1403309184 26754848 74 17 0 
2875710467 2875710466 8 2 0 
2935219265 2935219272 28 17 0 
18 100
1830081713 1830081721 29 18 0 
2287887139 2287887131 13 6 0 
1489210934 1900786573 27 3 0 
2821243714 2821243713 11 7 0 
1185688761 3074768114 28 18 0 
2434160536 2434160530 38 18 0 
2936057170 2936057178 30 18 0 
2093710888 2093710929 30 18 0 
2083236064 2083236052 17 4 0 
267390056 267390057 24 18 0 
1348242485 2969934860 3 2 0 
2083236116 2083236101 12 10 0 
2082758135 2082758139 11 3 0 
2083249882 2083249880 10 6 0 
2259884792 2259884788 11 8 0 
1325305113 1325305112 20 11 0 
1828842557 1828842559 40 18 0 
2083235704 2083235709 19 4 0 
2092267484 2092267482 35 18 0 
1403220031 1403220125 55 18 0 
1830082019 1830082012 8 7 0 
3058867904 3058867903 21 18 0 
2527928715 1237869120 6 0 0 
1337631647 1337631490 49 18 0 
2861877258 2861877257 6 3 0 
1400895922 1500791552 9 1 0 
1324112318 1324082054 35 18 0 
2291059502 2291059498 10 3 0 
1828842050 1828842032 29 18 0 
2301887554 2301887548 40 2 0 
1842535634 1842535648 19 18 0 
3057195425 3057195424 18 18 0 
2931222533 2931222531 3 3 0 
2092268652 1828841341 20 18 0 
2529139494 2529139496 4 4 0 
